2020-04-22 00:30:52.690 [HikariPool-1 housekeeper] WARN  com.zaxxer.hikari.pool.HikariPool - HikariPool-1 - Thread starvation or clock leap detected (housekeeper delta=1h43m13s869ms).
2020-04-22 02:48:49.230 [HikariPool-1 housekeeper] WARN  com.zaxxer.hikari.pool.HikariPool - HikariPool-1 - Thread starvation or clock leap detected (housekeeper delta=2h17m26s531ms).
2020-04-22 04:37:04.172 [HikariPool-1 housekeeper] WARN  com.zaxxer.hikari.pool.HikariPool - HikariPool-1 - Thread starvation or clock leap detected (housekeeper delta=1h47m44s933ms).
2020-04-22 06:25:24.401 [HikariPool-1 housekeeper] WARN  com.zaxxer.hikari.pool.HikariPool - HikariPool-1 - Thread starvation or clock leap detected (housekeeper delta=1h47m20s218ms).
2020-04-22 06:30:36.117 [HikariPool-1 housekeeper] WARN  com.zaxxer.hikari.pool.HikariPool - HikariPool-1 - Thread starvation or clock leap detected (housekeeper delta=5m11s716ms).
2020-04-22 06:56:12.598 [HikariPool-1 housekeeper] WARN  com.zaxxer.hikari.pool.HikariPool - HikariPool-1 - Thread starvation or clock leap detected (housekeeper delta=25m36s481ms).
2020-04-22 07:01:24.314 [HikariPool-1 housekeeper] WARN  com.zaxxer.hikari.pool.HikariPool - HikariPool-1 - Thread starvation or clock leap detected (housekeeper delta=5m11s716ms).
2020-04-22 09:31:18.894 [HikariPool-1 housekeeper] WARN  com.zaxxer.hikari.pool.HikariPool - HikariPool-1 - Thread starvation or clock leap detected (housekeeper delta=2h29m54s580ms).
2020-04-22 09:39:40.409 [main] WARN  o.s.b.a.o.j.JpaBaseConfiguration$JpaWebConfiguration$JpaWebMvcConfiguration - spring.jpa.open-in-view is enabled by default. Therefore, database queries may be performed during view rendering. Explicitly configure spring.jpa.open-in-view to disable this warning
2020-04-22 09:39:51.441 [http-nio-8080-exec-10] WARN  org.hibernate.orm.deprecation - HHH90000016: Found use of deprecated 'collection property' syntax in HQL/JPQL query [t.articles.size]; use collection function syntax instead [size(t.articles)].
2020-04-22 09:39:51.454 [http-nio-8080-exec-10] WARN  org.hibernate.orm.deprecation - HHH90000016: Found use of deprecated 'collection property' syntax in HQL/JPQL query [t.articles.size]; use collection function syntax instead [size(t.articles)].
2020-04-22 09:43:40.844 [main] WARN  o.s.b.a.o.j.JpaBaseConfiguration$JpaWebConfiguration$JpaWebMvcConfiguration - spring.jpa.open-in-view is enabled by default. Therefore, database queries may be performed during view rendering. Explicitly configure spring.jpa.open-in-view to disable this warning
2020-04-22 09:43:52.778 [http-nio-8080-exec-9] WARN  org.hibernate.orm.deprecation - HHH90000016: Found use of deprecated 'collection property' syntax in HQL/JPQL query [t.articles.size]; use collection function syntax instead [size(t.articles)].
2020-04-22 09:43:52.790 [http-nio-8080-exec-9] WARN  org.hibernate.orm.deprecation - HHH90000016: Found use of deprecated 'collection property' syntax in HQL/JPQL query [t.articles.size]; use collection function syntax instead [size(t.articles)].
2020-04-22 09:45:10.789 [main] WARN  o.s.b.a.o.j.JpaBaseConfiguration$JpaWebConfiguration$JpaWebMvcConfiguration - spring.jpa.open-in-view is enabled by default. Therefore, database queries may be performed during view rendering. Explicitly configure spring.jpa.open-in-view to disable this warning
2020-04-22 09:45:21.401 [http-nio-8080-exec-10] WARN  org.hibernate.orm.deprecation - HHH90000016: Found use of deprecated 'collection property' syntax in HQL/JPQL query [t.articles.size]; use collection function syntax instead [size(t.articles)].
2020-04-22 09:45:21.414 [http-nio-8080-exec-10] WARN  org.hibernate.orm.deprecation - HHH90000016: Found use of deprecated 'collection property' syntax in HQL/JPQL query [t.articles.size]; use collection function syntax instead [size(t.articles)].
2020-04-22 10:06:55.771 [HikariPool-1 housekeeper] WARN  com.zaxxer.hikari.pool.HikariPool - HikariPool-1 - Thread starvation or clock leap detected (housekeeper delta=19m46s915ms).
2020-04-22 10:07:47.006 [main] WARN  o.s.b.a.o.j.JpaBaseConfiguration$JpaWebConfiguration$JpaWebMvcConfiguration - spring.jpa.open-in-view is enabled by default. Therefore, database queries may be performed during view rendering. Explicitly configure spring.jpa.open-in-view to disable this warning
2020-04-22 10:07:57.314 [http-nio-8080-exec-9] WARN  org.hibernate.orm.deprecation - HHH90000016: Found use of deprecated 'collection property' syntax in HQL/JPQL query [t.articles.size]; use collection function syntax instead [size(t.articles)].
2020-04-22 10:07:57.327 [http-nio-8080-exec-9] WARN  org.hibernate.orm.deprecation - HHH90000016: Found use of deprecated 'collection property' syntax in HQL/JPQL query [t.articles.size]; use collection function syntax instead [size(t.articles)].
2020-04-22 10:11:15.045 [main] WARN  o.s.b.a.o.j.JpaBaseConfiguration$JpaWebConfiguration$JpaWebMvcConfiguration - spring.jpa.open-in-view is enabled by default. Therefore, database queries may be performed during view rendering. Explicitly configure spring.jpa.open-in-view to disable this warning
2020-04-22 10:12:53.017 [http-nio-8080-exec-10] WARN  org.hibernate.orm.deprecation - HHH90000016: Found use of deprecated 'collection property' syntax in HQL/JPQL query [t.articles.size]; use collection function syntax instead [size(t.articles)].
2020-04-22 10:12:53.029 [http-nio-8080-exec-10] WARN  org.hibernate.orm.deprecation - HHH90000016: Found use of deprecated 'collection property' syntax in HQL/JPQL query [t.articles.size]; use collection function syntax instead [size(t.articles)].
2020-04-22 10:21:17.283 [main] WARN  o.s.b.a.o.j.JpaBaseConfiguration$JpaWebConfiguration$JpaWebMvcConfiguration - spring.jpa.open-in-view is enabled by default. Therefore, database queries may be performed during view rendering. Explicitly configure spring.jpa.open-in-view to disable this warning
2020-04-22 10:21:35.927 [http-nio-8080-exec-1] WARN  org.hibernate.orm.deprecation - HHH90000016: Found use of deprecated 'collection property' syntax in HQL/JPQL query [t.articles.size]; use collection function syntax instead [size(t.articles)].
2020-04-22 10:21:35.941 [http-nio-8080-exec-1] WARN  org.hibernate.orm.deprecation - HHH90000016: Found use of deprecated 'collection property' syntax in HQL/JPQL query [t.articles.size]; use collection function syntax instead [size(t.articles)].
2020-04-22 11:06:07.323 [http-nio-8080-exec-9] WARN  org.springframework.validation.DataBinder - Skipping URI variable 'id' because request contains bind value with same name.
2020-04-22 11:30:57.624 [HikariPool-1 housekeeper] WARN  com.zaxxer.hikari.pool.HikariPool - HikariPool-1 - Thread starvation or clock leap detected (housekeeper delta=5m11s935ms).
2020-04-22 11:43:57.930 [HikariPool-1 housekeeper] WARN  com.zaxxer.hikari.pool.HikariPool - HikariPool-1 - Thread starvation or clock leap detected (housekeeper delta=13m307ms).
2020-04-22 14:26:40.139 [HikariPool-1 housekeeper] WARN  com.zaxxer.hikari.pool.HikariPool - HikariPool-1 - Thread starvation or clock leap detected (housekeeper delta=2h42m42s209ms).
2020-04-22 14:51:46.048 [HikariPool-1 housekeeper] WARN  com.zaxxer.hikari.pool.HikariPool - HikariPool-1 - Thread starvation or clock leap detected (housekeeper delta=25m5s909ms).
2020-04-22 15:03:10.935 [main] WARN  o.s.b.a.o.j.JpaBaseConfiguration$JpaWebConfiguration$JpaWebMvcConfiguration - spring.jpa.open-in-view is enabled by default. Therefore, database queries may be performed during view rendering. Explicitly configure spring.jpa.open-in-view to disable this warning
2020-04-22 15:03:15.153 [http-nio-8080-exec-1] WARN  org.hibernate.orm.deprecation - HHH90000016: Found use of deprecated 'collection property' syntax in HQL/JPQL query [t.articles.size]; use collection function syntax instead [size(t.articles)].
2020-04-22 15:03:15.165 [http-nio-8080-exec-1] WARN  org.hibernate.orm.deprecation - HHH90000016: Found use of deprecated 'collection property' syntax in HQL/JPQL query [t.articles.size]; use collection function syntax instead [size(t.articles)].
2020-04-22 15:04:04.598 [main] WARN  o.s.b.a.o.j.JpaBaseConfiguration$JpaWebConfiguration$JpaWebMvcConfiguration - spring.jpa.open-in-view is enabled by default. Therefore, database queries may be performed during view rendering. Explicitly configure spring.jpa.open-in-view to disable this warning
2020-04-22 15:04:08.274 [http-nio-8080-exec-1] WARN  org.hibernate.orm.deprecation - HHH90000016: Found use of deprecated 'collection property' syntax in HQL/JPQL query [t.articles.size]; use collection function syntax instead [size(t.articles)].
2020-04-22 15:04:08.287 [http-nio-8080-exec-1] WARN  org.hibernate.orm.deprecation - HHH90000016: Found use of deprecated 'collection property' syntax in HQL/JPQL query [t.articles.size]; use collection function syntax instead [size(t.articles)].
2020-04-22 15:46:05.715 [main] WARN  o.s.b.a.o.j.JpaBaseConfiguration$JpaWebConfiguration$JpaWebMvcConfiguration - spring.jpa.open-in-view is enabled by default. Therefore, database queries may be performed during view rendering. Explicitly configure spring.jpa.open-in-view to disable this warning
2020-04-22 16:09:00.478 [http-nio-8080-exec-1] WARN  org.hibernate.orm.deprecation - HHH90000016: Found use of deprecated 'collection property' syntax in HQL/JPQL query [t.articles.size]; use collection function syntax instead [size(t.articles)].
2020-04-22 16:09:00.491 [http-nio-8080-exec-1] WARN  org.hibernate.orm.deprecation - HHH90000016: Found use of deprecated 'collection property' syntax in HQL/JPQL query [t.articles.size]; use collection function syntax instead [size(t.articles)].
2020-04-22 16:14:07.669 [main] WARN  o.s.b.a.o.j.JpaBaseConfiguration$JpaWebConfiguration$JpaWebMvcConfiguration - spring.jpa.open-in-view is enabled by default. Therefore, database queries may be performed during view rendering. Explicitly configure spring.jpa.open-in-view to disable this warning
2020-04-22 16:14:16.345 [http-nio-8080-exec-3] WARN  org.hibernate.orm.deprecation - HHH90000016: Found use of deprecated 'collection property' syntax in HQL/JPQL query [t.articles.size]; use collection function syntax instead [size(t.articles)].
2020-04-22 16:14:16.359 [http-nio-8080-exec-3] WARN  org.hibernate.orm.deprecation - HHH90000016: Found use of deprecated 'collection property' syntax in HQL/JPQL query [t.articles.size]; use collection function syntax instead [size(t.articles)].
2020-04-22 16:17:11.714 [main] WARN  o.s.b.a.o.j.JpaBaseConfiguration$JpaWebConfiguration$JpaWebMvcConfiguration - spring.jpa.open-in-view is enabled by default. Therefore, database queries may be performed during view rendering. Explicitly configure spring.jpa.open-in-view to disable this warning
2020-04-22 16:17:28.067 [http-nio-8080-exec-2] WARN  org.hibernate.orm.deprecation - HHH90000016: Found use of deprecated 'collection property' syntax in HQL/JPQL query [t.articles.size]; use collection function syntax instead [size(t.articles)].
2020-04-22 16:17:28.079 [http-nio-8080-exec-2] WARN  org.hibernate.orm.deprecation - HHH90000016: Found use of deprecated 'collection property' syntax in HQL/JPQL query [t.articles.size]; use collection function syntax instead [size(t.articles)].
2020-04-22 17:39:19.907 [HikariPool-1 housekeeper] WARN  com.zaxxer.hikari.pool.HikariPool - HikariPool-1 - Thread starvation or clock leap detected (housekeeper delta=2m9s254ms).
2020-04-22 17:40:23.899 [HikariPool-1 housekeeper] WARN  com.zaxxer.hikari.pool.HikariPool - HikariPool-1 - Thread starvation or clock leap detected (housekeeper delta=1m3s992ms).
2020-04-22 17:52:35.392 [HikariPool-1 housekeeper] WARN  com.zaxxer.hikari.pool.HikariPool - HikariPool-1 - Thread starvation or clock leap detected (housekeeper delta=1m11s418ms).
2020-04-22 18:20:57.976 [HikariPool-1 housekeeper] WARN  com.zaxxer.hikari.pool.HikariPool - HikariPool-1 - Thread starvation or clock leap detected (housekeeper delta=52s413ms).
2020-04-22 18:28:34.965 [HikariPool-1 housekeeper] WARN  com.zaxxer.hikari.pool.HikariPool - HikariPool-1 - Thread starvation or clock leap detected (housekeeper delta=6m6s864ms).
2020-04-22 18:37:24.662 [HikariPool-1 housekeeper] WARN  com.zaxxer.hikari.pool.HikariPool - HikariPool-1 - Thread starvation or clock leap detected (housekeeper delta=8m49s697ms).
2020-04-22 19:17:25.885 [HikariPool-1 housekeeper] WARN  com.zaxxer.hikari.pool.HikariPool - HikariPool-1 - Thread starvation or clock leap detected (housekeeper delta=2m30s942ms).
2020-04-22 19:26:54.637 [HikariPool-1 housekeeper] WARN  com.zaxxer.hikari.pool.HikariPool - HikariPool-1 - Thread starvation or clock leap detected (housekeeper delta=9m28s753ms).
2020-04-22 19:57:11.671 [HikariPool-1 housekeeper] WARN  com.zaxxer.hikari.pool.HikariPool - HikariPool-1 - Thread starvation or clock leap detected (housekeeper delta=5m16s773ms).
2020-04-22 20:50:12.263 [HikariPool-1 housekeeper] WARN  com.zaxxer.hikari.pool.HikariPool - HikariPool-1 - Thread starvation or clock leap detected (housekeeper delta=53m592ms).
2020-04-22 22:36:17.295 [http-nio-8080-exec-8] WARN  org.springframework.validation.DataBinder - Skipping URI variable 'id' because request contains bind value with same name.
2020-04-22 23:08:35.838 [HikariPool-1 housekeeper] WARN  com.zaxxer.hikari.pool.HikariPool - HikariPool-1 - Thread starvation or clock leap detected (housekeeper delta=6m22s440ms).
2020-04-22 23:24:09.647 [HikariPool-1 housekeeper] WARN  com.zaxxer.hikari.pool.HikariPool - HikariPool-1 - Thread starvation or clock leap detected (housekeeper delta=15m33s809ms).
2020-04-22 23:29:26.467 [HikariPool-1 housekeeper] WARN  com.zaxxer.hikari.pool.HikariPool - HikariPool-1 - Thread starvation or clock leap detected (housekeeper delta=5m16s820ms).
