2020-04-18 17:20:20.338 [main] WARN  o.s.b.a.o.j.JpaBaseConfiguration$JpaWebConfiguration$JpaWebMvcConfiguration - spring.jpa.open-in-view is enabled by default. Therefore, database queries may be performed during view rendering. Explicitly configure spring.jpa.open-in-view to disable this warning
2020-04-18 17:20:33.956 [http-nio-8080-exec-9] WARN  org.hibernate.orm.deprecation - HHH90000016: Found use of deprecated 'collection property' syntax in HQL/JPQL query [t.articles.size]; use collection function syntax instead [size(t.articles)].
2020-04-18 17:20:33.967 [http-nio-8080-exec-9] WARN  org.hibernate.orm.deprecation - HHH90000016: Found use of deprecated 'collection property' syntax in HQL/JPQL query [t.articles.size]; use collection function syntax instead [size(t.articles)].
2020-04-18 17:35:27.195 [main] WARN  o.s.b.a.o.j.JpaBaseConfiguration$JpaWebConfiguration$JpaWebMvcConfiguration - spring.jpa.open-in-view is enabled by default. Therefore, database queries may be performed during view rendering. Explicitly configure spring.jpa.open-in-view to disable this warning
2020-04-18 17:35:42.770 [http-nio-8080-exec-2] WARN  org.hibernate.orm.deprecation - HHH90000016: Found use of deprecated 'collection property' syntax in HQL/JPQL query [t.articles.size]; use collection function syntax instead [size(t.articles)].
2020-04-18 17:35:42.782 [http-nio-8080-exec-2] WARN  org.hibernate.orm.deprecation - HHH90000016: Found use of deprecated 'collection property' syntax in HQL/JPQL query [t.articles.size]; use collection function syntax instead [size(t.articles)].
2020-04-18 17:36:57.167 [HikariPool-1 housekeeper] WARN  com.zaxxer.hikari.pool.HikariPool - HikariPool-1 - Thread starvation or clock leap detected (housekeeper delta=1m32s216ms).
2020-04-18 17:37:56.342 [HikariPool-1 housekeeper] WARN  com.zaxxer.hikari.pool.HikariPool - HikariPool-1 - Thread starvation or clock leap detected (housekeeper delta=59s174ms).
2020-04-18 17:38:15.783 [main] WARN  o.s.b.a.o.j.JpaBaseConfiguration$JpaWebConfiguration$JpaWebMvcConfiguration - spring.jpa.open-in-view is enabled by default. Therefore, database queries may be performed during view rendering. Explicitly configure spring.jpa.open-in-view to disable this warning
2020-04-18 17:38:26.697 [http-nio-8080-exec-2] WARN  org.hibernate.orm.deprecation - HHH90000016: Found use of deprecated 'collection property' syntax in HQL/JPQL query [t.articles.size]; use collection function syntax instead [size(t.articles)].
2020-04-18 17:38:26.708 [http-nio-8080-exec-2] WARN  org.hibernate.orm.deprecation - HHH90000016: Found use of deprecated 'collection property' syntax in HQL/JPQL query [t.articles.size]; use collection function syntax instead [size(t.articles)].
2020-04-18 19:08:30.314 [main] WARN  o.s.b.a.o.j.JpaBaseConfiguration$JpaWebConfiguration$JpaWebMvcConfiguration - spring.jpa.open-in-view is enabled by default. Therefore, database queries may be performed during view rendering. Explicitly configure spring.jpa.open-in-view to disable this warning
2020-04-18 19:08:58.111 [http-nio-8080-exec-2] WARN  org.hibernate.orm.deprecation - HHH90000016: Found use of deprecated 'collection property' syntax in HQL/JPQL query [t.articles.size]; use collection function syntax instead [size(t.articles)].
2020-04-18 19:08:58.122 [http-nio-8080-exec-2] WARN  org.hibernate.orm.deprecation - HHH90000016: Found use of deprecated 'collection property' syntax in HQL/JPQL query [t.articles.size]; use collection function syntax instead [size(t.articles)].
2020-04-18 20:57:30.211 [main] WARN  o.s.b.a.o.j.JpaBaseConfiguration$JpaWebConfiguration$JpaWebMvcConfiguration - spring.jpa.open-in-view is enabled by default. Therefore, database queries may be performed during view rendering. Explicitly configure spring.jpa.open-in-view to disable this warning
2020-04-18 20:57:55.811 [http-nio-8080-exec-10] WARN  org.hibernate.orm.deprecation - HHH90000016: Found use of deprecated 'collection property' syntax in HQL/JPQL query [t.articles.size]; use collection function syntax instead [size(t.articles)].
2020-04-18 20:57:55.822 [http-nio-8080-exec-10] WARN  org.hibernate.orm.deprecation - HHH90000016: Found use of deprecated 'collection property' syntax in HQL/JPQL query [t.articles.size]; use collection function syntax instead [size(t.articles)].
2020-04-18 21:05:08.919 [main] WARN  o.s.b.a.o.j.JpaBaseConfiguration$JpaWebConfiguration$JpaWebMvcConfiguration - spring.jpa.open-in-view is enabled by default. Therefore, database queries may be performed during view rendering. Explicitly configure spring.jpa.open-in-view to disable this warning
2020-04-18 21:05:14.359 [http-nio-8080-exec-1] WARN  org.hibernate.orm.deprecation - HHH90000016: Found use of deprecated 'collection property' syntax in HQL/JPQL query [t.articles.size]; use collection function syntax instead [size(t.articles)].
2020-04-18 21:05:14.370 [http-nio-8080-exec-1] WARN  org.hibernate.orm.deprecation - HHH90000016: Found use of deprecated 'collection property' syntax in HQL/JPQL query [t.articles.size]; use collection function syntax instead [size(t.articles)].
2020-04-18 21:06:18.249 [http-nio-8080-exec-5] WARN  org.springframework.validation.DataBinder - Skipping URI variable 'id' because request contains bind value with same name.
2020-04-18 21:27:32.299 [main] WARN  o.s.b.a.o.j.JpaBaseConfiguration$JpaWebConfiguration$JpaWebMvcConfiguration - spring.jpa.open-in-view is enabled by default. Therefore, database queries may be performed during view rendering. Explicitly configure spring.jpa.open-in-view to disable this warning
2020-04-18 21:27:48.496 [http-nio-8080-exec-10] WARN  org.hibernate.orm.deprecation - HHH90000016: Found use of deprecated 'collection property' syntax in HQL/JPQL query [t.articles.size]; use collection function syntax instead [size(t.articles)].
2020-04-18 21:27:48.508 [http-nio-8080-exec-10] WARN  org.hibernate.orm.deprecation - HHH90000016: Found use of deprecated 'collection property' syntax in HQL/JPQL query [t.articles.size]; use collection function syntax instead [size(t.articles)].
2020-04-18 21:40:45.942 [main] WARN  o.s.b.a.o.j.JpaBaseConfiguration$JpaWebConfiguration$JpaWebMvcConfiguration - spring.jpa.open-in-view is enabled by default. Therefore, database queries may be performed during view rendering. Explicitly configure spring.jpa.open-in-view to disable this warning
2020-04-18 21:40:57.428 [http-nio-8080-exec-9] WARN  org.hibernate.orm.deprecation - HHH90000016: Found use of deprecated 'collection property' syntax in HQL/JPQL query [t.articles.size]; use collection function syntax instead [size(t.articles)].
2020-04-18 21:40:57.440 [http-nio-8080-exec-9] WARN  org.hibernate.orm.deprecation - HHH90000016: Found use of deprecated 'collection property' syntax in HQL/JPQL query [t.articles.size]; use collection function syntax instead [size(t.articles)].
2020-04-18 21:42:07.037 [HikariPool-1 housekeeper] WARN  com.zaxxer.hikari.pool.HikariPool - HikariPool-1 - Thread starvation or clock leap detected (housekeeper delta=1m23s335ms).
2020-04-18 21:44:03.442 [HikariPool-1 housekeeper] WARN  com.zaxxer.hikari.pool.HikariPool - HikariPool-1 - Thread starvation or clock leap detected (housekeeper delta=56s10ms).
2020-04-18 21:44:09.970 [main] WARN  o.s.b.a.o.j.JpaBaseConfiguration$JpaWebConfiguration$JpaWebMvcConfiguration - spring.jpa.open-in-view is enabled by default. Therefore, database queries may be performed during view rendering. Explicitly configure spring.jpa.open-in-view to disable this warning
2020-04-18 21:44:21.933 [http-nio-8080-exec-3] WARN  org.hibernate.orm.deprecation - HHH90000016: Found use of deprecated 'collection property' syntax in HQL/JPQL query [t.articles.size]; use collection function syntax instead [size(t.articles)].
2020-04-18 21:44:21.945 [http-nio-8080-exec-3] WARN  org.hibernate.orm.deprecation - HHH90000016: Found use of deprecated 'collection property' syntax in HQL/JPQL query [t.articles.size]; use collection function syntax instead [size(t.articles)].
2020-04-18 21:44:45.345 [main] WARN  o.s.b.a.o.j.JpaBaseConfiguration$JpaWebConfiguration$JpaWebMvcConfiguration - spring.jpa.open-in-view is enabled by default. Therefore, database queries may be performed during view rendering. Explicitly configure spring.jpa.open-in-view to disable this warning
2020-04-18 21:44:52.279 [http-nio-8080-exec-2] WARN  org.hibernate.orm.deprecation - HHH90000016: Found use of deprecated 'collection property' syntax in HQL/JPQL query [t.articles.size]; use collection function syntax instead [size(t.articles)].
2020-04-18 21:44:52.294 [http-nio-8080-exec-2] WARN  org.hibernate.orm.deprecation - HHH90000016: Found use of deprecated 'collection property' syntax in HQL/JPQL query [t.articles.size]; use collection function syntax instead [size(t.articles)].
2020-04-18 21:45:26.265 [main] WARN  o.s.b.a.o.j.JpaBaseConfiguration$JpaWebConfiguration$JpaWebMvcConfiguration - spring.jpa.open-in-view is enabled by default. Therefore, database queries may be performed during view rendering. Explicitly configure spring.jpa.open-in-view to disable this warning
2020-04-18 21:45:43.069 [http-nio-8080-exec-2] WARN  org.hibernate.orm.deprecation - HHH90000016: Found use of deprecated 'collection property' syntax in HQL/JPQL query [t.articles.size]; use collection function syntax instead [size(t.articles)].
2020-04-18 21:45:43.081 [http-nio-8080-exec-2] WARN  org.hibernate.orm.deprecation - HHH90000016: Found use of deprecated 'collection property' syntax in HQL/JPQL query [t.articles.size]; use collection function syntax instead [size(t.articles)].
2020-04-18 21:47:32.994 [main] WARN  o.s.b.a.o.j.JpaBaseConfiguration$JpaWebConfiguration$JpaWebMvcConfiguration - spring.jpa.open-in-view is enabled by default. Therefore, database queries may be performed during view rendering. Explicitly configure spring.jpa.open-in-view to disable this warning
2020-04-18 21:47:43.434 [http-nio-8080-exec-9] WARN  org.hibernate.orm.deprecation - HHH90000016: Found use of deprecated 'collection property' syntax in HQL/JPQL query [t.articles.size]; use collection function syntax instead [size(t.articles)].
2020-04-18 21:47:43.446 [http-nio-8080-exec-9] WARN  org.hibernate.orm.deprecation - HHH90000016: Found use of deprecated 'collection property' syntax in HQL/JPQL query [t.articles.size]; use collection function syntax instead [size(t.articles)].
2020-04-18 21:51:55.612 [HikariPool-1 housekeeper] WARN  com.zaxxer.hikari.pool.HikariPool - HikariPool-1 - Thread starvation or clock leap detected (housekeeper delta=4m24s840ms).
2020-04-18 21:52:01.394 [main] WARN  o.s.b.a.o.j.JpaBaseConfiguration$JpaWebConfiguration$JpaWebMvcConfiguration - spring.jpa.open-in-view is enabled by default. Therefore, database queries may be performed during view rendering. Explicitly configure spring.jpa.open-in-view to disable this warning
2020-04-18 21:52:22.174 [http-nio-8080-exec-10] WARN  org.hibernate.orm.deprecation - HHH90000016: Found use of deprecated 'collection property' syntax in HQL/JPQL query [t.articles.size]; use collection function syntax instead [size(t.articles)].
2020-04-18 21:52:22.185 [http-nio-8080-exec-10] WARN  org.hibernate.orm.deprecation - HHH90000016: Found use of deprecated 'collection property' syntax in HQL/JPQL query [t.articles.size]; use collection function syntax instead [size(t.articles)].
2020-04-18 21:54:17.313 [main] WARN  o.s.b.a.o.j.JpaBaseConfiguration$JpaWebConfiguration$JpaWebMvcConfiguration - spring.jpa.open-in-view is enabled by default. Therefore, database queries may be performed during view rendering. Explicitly configure spring.jpa.open-in-view to disable this warning
2020-04-18 21:55:20.353 [HikariPool-1 housekeeper] WARN  com.zaxxer.hikari.pool.HikariPool - HikariPool-1 - Thread starvation or clock leap detected (housekeeper delta=1m5s238ms).
2020-04-18 21:56:17.420 [main] WARN  o.s.b.a.o.j.JpaBaseConfiguration$JpaWebConfiguration$JpaWebMvcConfiguration - spring.jpa.open-in-view is enabled by default. Therefore, database queries may be performed during view rendering. Explicitly configure spring.jpa.open-in-view to disable this warning
2020-04-18 21:57:59.398 [HikariPool-1 housekeeper] WARN  com.zaxxer.hikari.pool.HikariPool - HikariPool-1 - Thread starvation or clock leap detected (housekeeper delta=1m44s72ms).
2020-04-18 22:12:47.946 [HikariPool-1 housekeeper] WARN  com.zaxxer.hikari.pool.HikariPool - HikariPool-1 - Thread starvation or clock leap detected (housekeeper delta=5m11s734ms).
2020-04-18 22:18:29.689 [HikariPool-1 housekeeper] WARN  com.zaxxer.hikari.pool.HikariPool - HikariPool-1 - Thread starvation or clock leap detected (housekeeper delta=5m11s729ms).
2020-04-18 22:24:11.442 [HikariPool-1 housekeeper] WARN  com.zaxxer.hikari.pool.HikariPool - HikariPool-1 - Thread starvation or clock leap detected (housekeeper delta=5m11s744ms).
2020-04-18 22:29:53.152 [HikariPool-1 housekeeper] WARN  com.zaxxer.hikari.pool.HikariPool - HikariPool-1 - Thread starvation or clock leap detected (housekeeper delta=5m11s707ms).
2020-04-18 22:35:34.844 [HikariPool-1 housekeeper] WARN  com.zaxxer.hikari.pool.HikariPool - HikariPool-1 - Thread starvation or clock leap detected (housekeeper delta=5m11s688ms).
2020-04-18 22:41:16.570 [HikariPool-1 housekeeper] WARN  com.zaxxer.hikari.pool.HikariPool - HikariPool-1 - Thread starvation or clock leap detected (housekeeper delta=5m11s714ms).
2020-04-18 23:16:49.948 [HikariPool-1 housekeeper] WARN  com.zaxxer.hikari.pool.HikariPool - HikariPool-1 - Thread starvation or clock leap detected (housekeeper delta=35m3s372ms).
