2020-04-17 02:22:11.638 [HikariPool-1 housekeeper] WARN  com.zaxxer.hikari.pool.HikariPool - HikariPool-1 - Thread starvation or clock leap detected (housekeeper delta=4h28s590ms).
2020-04-17 04:46:17.251 [HikariPool-1 housekeeper] WARN  com.zaxxer.hikari.pool.HikariPool - HikariPool-1 - Thread starvation or clock leap detected (housekeeper delta=2h24m5s613ms).
2020-04-17 04:52:59.048 [HikariPool-1 housekeeper] WARN  com.zaxxer.hikari.pool.HikariPool - HikariPool-1 - Thread starvation or clock leap detected (housekeeper delta=5m11s775ms).
2020-04-17 06:53:28.026 [HikariPool-1 housekeeper] WARN  com.zaxxer.hikari.pool.HikariPool - HikariPool-1 - Thread starvation or clock leap detected (housekeeper delta=2h28s978ms).
2020-04-17 10:27:55.244 [HikariPool-1 housekeeper] WARN  com.zaxxer.hikari.pool.HikariPool - HikariPool-1 - Thread starvation or clock leap detected (housekeeper delta=3h34m27s218ms).
2020-04-17 11:14:45.606 [main] WARN  o.s.b.a.o.j.JpaBaseConfiguration$JpaWebConfiguration$JpaWebMvcConfiguration - spring.jpa.open-in-view is enabled by default. Therefore, database queries may be performed during view rendering. Explicitly configure spring.jpa.open-in-view to disable this warning
2020-04-17 16:27:48.299 [main] WARN  o.s.b.a.o.j.JpaBaseConfiguration$JpaWebConfiguration$JpaWebMvcConfiguration - spring.jpa.open-in-view is enabled by default. Therefore, database queries may be performed during view rendering. Explicitly configure spring.jpa.open-in-view to disable this warning
2020-04-17 16:28:02.527 [http-nio-8080-exec-9] WARN  org.hibernate.orm.deprecation - HHH90000016: Found use of deprecated 'collection property' syntax in HQL/JPQL query [t.articles.size]; use collection function syntax instead [size(t.articles)].
2020-04-17 16:28:02.539 [http-nio-8080-exec-9] WARN  org.hibernate.orm.deprecation - HHH90000016: Found use of deprecated 'collection property' syntax in HQL/JPQL query [t.articles.size]; use collection function syntax instead [size(t.articles)].
2020-04-17 18:19:56.344 [main] WARN  o.s.b.a.o.j.JpaBaseConfiguration$JpaWebConfiguration$JpaWebMvcConfiguration - spring.jpa.open-in-view is enabled by default. Therefore, database queries may be performed during view rendering. Explicitly configure spring.jpa.open-in-view to disable this warning
2020-04-17 18:20:13.963 [http-nio-8080-exec-1] WARN  org.hibernate.orm.deprecation - HHH90000016: Found use of deprecated 'collection property' syntax in HQL/JPQL query [t.articles.size]; use collection function syntax instead [size(t.articles)].
2020-04-17 18:20:13.974 [http-nio-8080-exec-1] WARN  org.hibernate.orm.deprecation - HHH90000016: Found use of deprecated 'collection property' syntax in HQL/JPQL query [t.articles.size]; use collection function syntax instead [size(t.articles)].
2020-04-17 18:26:52.174 [main] WARN  o.s.b.a.o.j.JpaBaseConfiguration$JpaWebConfiguration$JpaWebMvcConfiguration - spring.jpa.open-in-view is enabled by default. Therefore, database queries may be performed during view rendering. Explicitly configure spring.jpa.open-in-view to disable this warning
2020-04-17 18:27:06.855 [http-nio-8080-exec-2] WARN  org.hibernate.orm.deprecation - HHH90000016: Found use of deprecated 'collection property' syntax in HQL/JPQL query [t.articles.size]; use collection function syntax instead [size(t.articles)].
2020-04-17 18:27:06.866 [http-nio-8080-exec-2] WARN  org.hibernate.orm.deprecation - HHH90000016: Found use of deprecated 'collection property' syntax in HQL/JPQL query [t.articles.size]; use collection function syntax instead [size(t.articles)].
2020-04-17 19:00:24.786 [main] WARN  o.s.b.a.o.j.JpaBaseConfiguration$JpaWebConfiguration$JpaWebMvcConfiguration - spring.jpa.open-in-view is enabled by default. Therefore, database queries may be performed during view rendering. Explicitly configure spring.jpa.open-in-view to disable this warning
2020-04-17 19:00:36.232 [http-nio-8080-exec-2] WARN  org.hibernate.orm.deprecation - HHH90000016: Found use of deprecated 'collection property' syntax in HQL/JPQL query [t.articles.size]; use collection function syntax instead [size(t.articles)].
2020-04-17 19:00:36.243 [http-nio-8080-exec-2] WARN  org.hibernate.orm.deprecation - HHH90000016: Found use of deprecated 'collection property' syntax in HQL/JPQL query [t.articles.size]; use collection function syntax instead [size(t.articles)].
2020-04-17 19:02:06.251 [main] WARN  o.s.b.a.o.j.JpaBaseConfiguration$JpaWebConfiguration$JpaWebMvcConfiguration - spring.jpa.open-in-view is enabled by default. Therefore, database queries may be performed during view rendering. Explicitly configure spring.jpa.open-in-view to disable this warning
2020-04-17 19:02:23.225 [http-nio-8080-exec-2] WARN  org.hibernate.orm.deprecation - HHH90000016: Found use of deprecated 'collection property' syntax in HQL/JPQL query [t.articles.size]; use collection function syntax instead [size(t.articles)].
2020-04-17 19:02:23.236 [http-nio-8080-exec-2] WARN  org.hibernate.orm.deprecation - HHH90000016: Found use of deprecated 'collection property' syntax in HQL/JPQL query [t.articles.size]; use collection function syntax instead [size(t.articles)].
2020-04-17 19:04:52.050 [main] WARN  o.s.b.a.o.j.JpaBaseConfiguration$JpaWebConfiguration$JpaWebMvcConfiguration - spring.jpa.open-in-view is enabled by default. Therefore, database queries may be performed during view rendering. Explicitly configure spring.jpa.open-in-view to disable this warning
2020-04-17 19:05:13.424 [main] WARN  o.s.b.a.o.j.JpaBaseConfiguration$JpaWebConfiguration$JpaWebMvcConfiguration - spring.jpa.open-in-view is enabled by default. Therefore, database queries may be performed during view rendering. Explicitly configure spring.jpa.open-in-view to disable this warning
2020-04-17 19:05:27.189 [http-nio-8080-exec-3] WARN  org.hibernate.orm.deprecation - HHH90000016: Found use of deprecated 'collection property' syntax in HQL/JPQL query [t.articles.size]; use collection function syntax instead [size(t.articles)].
2020-04-17 19:05:27.201 [http-nio-8080-exec-3] WARN  org.hibernate.orm.deprecation - HHH90000016: Found use of deprecated 'collection property' syntax in HQL/JPQL query [t.articles.size]; use collection function syntax instead [size(t.articles)].
2020-04-17 19:07:38.515 [main] WARN  o.s.b.a.o.j.JpaBaseConfiguration$JpaWebConfiguration$JpaWebMvcConfiguration - spring.jpa.open-in-view is enabled by default. Therefore, database queries may be performed during view rendering. Explicitly configure spring.jpa.open-in-view to disable this warning
2020-04-17 19:07:50.241 [http-nio-8080-exec-2] WARN  org.hibernate.orm.deprecation - HHH90000016: Found use of deprecated 'collection property' syntax in HQL/JPQL query [t.articles.size]; use collection function syntax instead [size(t.articles)].
2020-04-17 19:07:50.252 [http-nio-8080-exec-2] WARN  org.hibernate.orm.deprecation - HHH90000016: Found use of deprecated 'collection property' syntax in HQL/JPQL query [t.articles.size]; use collection function syntax instead [size(t.articles)].
2020-04-17 19:10:38.723 [main] WARN  o.s.b.a.o.j.JpaBaseConfiguration$JpaWebConfiguration$JpaWebMvcConfiguration - spring.jpa.open-in-view is enabled by default. Therefore, database queries may be performed during view rendering. Explicitly configure spring.jpa.open-in-view to disable this warning
2020-04-17 19:10:50.121 [http-nio-8080-exec-2] WARN  org.hibernate.orm.deprecation - HHH90000016: Found use of deprecated 'collection property' syntax in HQL/JPQL query [t.articles.size]; use collection function syntax instead [size(t.articles)].
2020-04-17 19:10:50.133 [http-nio-8080-exec-2] WARN  org.hibernate.orm.deprecation - HHH90000016: Found use of deprecated 'collection property' syntax in HQL/JPQL query [t.articles.size]; use collection function syntax instead [size(t.articles)].
2020-04-17 20:40:04.619 [main] WARN  o.s.b.a.o.j.JpaBaseConfiguration$JpaWebConfiguration$JpaWebMvcConfiguration - spring.jpa.open-in-view is enabled by default. Therefore, database queries may be performed during view rendering. Explicitly configure spring.jpa.open-in-view to disable this warning
2020-04-17 20:40:07.245 [http-nio-8080-exec-1] WARN  org.hibernate.orm.deprecation - HHH90000016: Found use of deprecated 'collection property' syntax in HQL/JPQL query [t.articles.size]; use collection function syntax instead [size(t.articles)].
2020-04-17 20:40:07.256 [http-nio-8080-exec-1] WARN  org.hibernate.orm.deprecation - HHH90000016: Found use of deprecated 'collection property' syntax in HQL/JPQL query [t.articles.size]; use collection function syntax instead [size(t.articles)].
2020-04-17 20:42:57.867 [main] WARN  o.s.b.a.o.j.JpaBaseConfiguration$JpaWebConfiguration$JpaWebMvcConfiguration - spring.jpa.open-in-view is enabled by default. Therefore, database queries may be performed during view rendering. Explicitly configure spring.jpa.open-in-view to disable this warning
2020-04-17 20:43:13.803 [http-nio-8080-exec-10] WARN  org.hibernate.orm.deprecation - HHH90000016: Found use of deprecated 'collection property' syntax in HQL/JPQL query [t.articles.size]; use collection function syntax instead [size(t.articles)].
2020-04-17 20:43:13.813 [http-nio-8080-exec-10] WARN  org.hibernate.orm.deprecation - HHH90000016: Found use of deprecated 'collection property' syntax in HQL/JPQL query [t.articles.size]; use collection function syntax instead [size(t.articles)].
2020-04-17 20:45:23.496 [main] WARN  o.s.b.a.o.j.JpaBaseConfiguration$JpaWebConfiguration$JpaWebMvcConfiguration - spring.jpa.open-in-view is enabled by default. Therefore, database queries may be performed during view rendering. Explicitly configure spring.jpa.open-in-view to disable this warning
2020-04-17 20:45:57.907 [main] WARN  o.s.b.a.o.j.JpaBaseConfiguration$JpaWebConfiguration$JpaWebMvcConfiguration - spring.jpa.open-in-view is enabled by default. Therefore, database queries may be performed during view rendering. Explicitly configure spring.jpa.open-in-view to disable this warning
2020-04-17 20:46:12.549 [http-nio-8080-exec-10] WARN  org.hibernate.orm.deprecation - HHH90000016: Found use of deprecated 'collection property' syntax in HQL/JPQL query [t.articles.size]; use collection function syntax instead [size(t.articles)].
2020-04-17 20:46:12.561 [http-nio-8080-exec-10] WARN  org.hibernate.orm.deprecation - HHH90000016: Found use of deprecated 'collection property' syntax in HQL/JPQL query [t.articles.size]; use collection function syntax instead [size(t.articles)].
2020-04-17 20:47:52.964 [main] WARN  o.s.b.a.o.j.JpaBaseConfiguration$JpaWebConfiguration$JpaWebMvcConfiguration - spring.jpa.open-in-view is enabled by default. Therefore, database queries may be performed during view rendering. Explicitly configure spring.jpa.open-in-view to disable this warning
2020-04-17 20:47:57.764 [http-nio-8080-exec-1] WARN  org.hibernate.orm.deprecation - HHH90000016: Found use of deprecated 'collection property' syntax in HQL/JPQL query [t.articles.size]; use collection function syntax instead [size(t.articles)].
2020-04-17 20:47:57.776 [http-nio-8080-exec-1] WARN  org.hibernate.orm.deprecation - HHH90000016: Found use of deprecated 'collection property' syntax in HQL/JPQL query [t.articles.size]; use collection function syntax instead [size(t.articles)].
2020-04-17 20:55:11.734 [main] WARN  o.s.b.a.o.j.JpaBaseConfiguration$JpaWebConfiguration$JpaWebMvcConfiguration - spring.jpa.open-in-view is enabled by default. Therefore, database queries may be performed during view rendering. Explicitly configure spring.jpa.open-in-view to disable this warning
2020-04-17 20:55:26.602 [http-nio-8080-exec-9] WARN  org.hibernate.orm.deprecation - HHH90000016: Found use of deprecated 'collection property' syntax in HQL/JPQL query [t.articles.size]; use collection function syntax instead [size(t.articles)].
2020-04-17 20:55:26.614 [http-nio-8080-exec-9] WARN  org.hibernate.orm.deprecation - HHH90000016: Found use of deprecated 'collection property' syntax in HQL/JPQL query [t.articles.size]; use collection function syntax instead [size(t.articles)].
2020-04-17 21:09:25.744 [main] WARN  o.s.b.a.o.j.JpaBaseConfiguration$JpaWebConfiguration$JpaWebMvcConfiguration - spring.jpa.open-in-view is enabled by default. Therefore, database queries may be performed during view rendering. Explicitly configure spring.jpa.open-in-view to disable this warning
2020-04-17 21:09:40.829 [http-nio-8080-exec-10] WARN  org.hibernate.orm.deprecation - HHH90000016: Found use of deprecated 'collection property' syntax in HQL/JPQL query [t.articles.size]; use collection function syntax instead [size(t.articles)].
2020-04-17 21:09:40.840 [http-nio-8080-exec-10] WARN  org.hibernate.orm.deprecation - HHH90000016: Found use of deprecated 'collection property' syntax in HQL/JPQL query [t.articles.size]; use collection function syntax instead [size(t.articles)].
2020-04-17 21:24:02.633 [main] WARN  o.s.b.a.o.j.JpaBaseConfiguration$JpaWebConfiguration$JpaWebMvcConfiguration - spring.jpa.open-in-view is enabled by default. Therefore, database queries may be performed during view rendering. Explicitly configure spring.jpa.open-in-view to disable this warning
2020-04-17 21:24:27.775 [http-nio-8080-exec-6] WARN  org.hibernate.orm.deprecation - HHH90000016: Found use of deprecated 'collection property' syntax in HQL/JPQL query [t.articles.size]; use collection function syntax instead [size(t.articles)].
2020-04-17 21:24:27.788 [http-nio-8080-exec-6] WARN  org.hibernate.orm.deprecation - HHH90000016: Found use of deprecated 'collection property' syntax in HQL/JPQL query [t.articles.size]; use collection function syntax instead [size(t.articles)].
2020-04-17 21:26:37.889 [main] WARN  o.s.b.a.o.j.JpaBaseConfiguration$JpaWebConfiguration$JpaWebMvcConfiguration - spring.jpa.open-in-view is enabled by default. Therefore, database queries may be performed during view rendering. Explicitly configure spring.jpa.open-in-view to disable this warning
2020-04-17 21:26:52.457 [http-nio-8080-exec-10] WARN  org.hibernate.orm.deprecation - HHH90000016: Found use of deprecated 'collection property' syntax in HQL/JPQL query [t.articles.size]; use collection function syntax instead [size(t.articles)].
2020-04-17 21:26:52.468 [http-nio-8080-exec-10] WARN  org.hibernate.orm.deprecation - HHH90000016: Found use of deprecated 'collection property' syntax in HQL/JPQL query [t.articles.size]; use collection function syntax instead [size(t.articles)].
2020-04-17 21:34:17.803 [main] WARN  o.s.b.a.o.j.JpaBaseConfiguration$JpaWebConfiguration$JpaWebMvcConfiguration - spring.jpa.open-in-view is enabled by default. Therefore, database queries may be performed during view rendering. Explicitly configure spring.jpa.open-in-view to disable this warning
2020-04-17 21:34:38.047 [http-nio-8080-exec-10] WARN  org.hibernate.orm.deprecation - HHH90000016: Found use of deprecated 'collection property' syntax in HQL/JPQL query [t.articles.size]; use collection function syntax instead [size(t.articles)].
2020-04-17 21:34:38.060 [http-nio-8080-exec-10] WARN  org.hibernate.orm.deprecation - HHH90000016: Found use of deprecated 'collection property' syntax in HQL/JPQL query [t.articles.size]; use collection function syntax instead [size(t.articles)].
2020-04-17 21:44:18.452 [main] WARN  o.s.b.a.o.j.JpaBaseConfiguration$JpaWebConfiguration$JpaWebMvcConfiguration - spring.jpa.open-in-view is enabled by default. Therefore, database queries may be performed during view rendering. Explicitly configure spring.jpa.open-in-view to disable this warning
2020-04-17 21:44:43.858 [http-nio-8080-exec-10] WARN  org.hibernate.orm.deprecation - HHH90000016: Found use of deprecated 'collection property' syntax in HQL/JPQL query [t.articles.size]; use collection function syntax instead [size(t.articles)].
2020-04-17 21:44:43.870 [http-nio-8080-exec-10] WARN  org.hibernate.orm.deprecation - HHH90000016: Found use of deprecated 'collection property' syntax in HQL/JPQL query [t.articles.size]; use collection function syntax instead [size(t.articles)].
2020-04-17 21:52:57.319 [main] WARN  o.s.b.a.o.j.JpaBaseConfiguration$JpaWebConfiguration$JpaWebMvcConfiguration - spring.jpa.open-in-view is enabled by default. Therefore, database queries may be performed during view rendering. Explicitly configure spring.jpa.open-in-view to disable this warning
2020-04-17 21:53:10.513 [http-nio-8080-exec-10] WARN  org.hibernate.orm.deprecation - HHH90000016: Found use of deprecated 'collection property' syntax in HQL/JPQL query [t.articles.size]; use collection function syntax instead [size(t.articles)].
2020-04-17 21:53:10.525 [http-nio-8080-exec-10] WARN  org.hibernate.orm.deprecation - HHH90000016: Found use of deprecated 'collection property' syntax in HQL/JPQL query [t.articles.size]; use collection function syntax instead [size(t.articles)].
2020-04-17 22:01:21.096 [main] WARN  o.s.b.a.o.j.JpaBaseConfiguration$JpaWebConfiguration$JpaWebMvcConfiguration - spring.jpa.open-in-view is enabled by default. Therefore, database queries may be performed during view rendering. Explicitly configure spring.jpa.open-in-view to disable this warning
2020-04-17 22:01:34.660 [http-nio-8080-exec-10] WARN  org.hibernate.orm.deprecation - HHH90000016: Found use of deprecated 'collection property' syntax in HQL/JPQL query [t.articles.size]; use collection function syntax instead [size(t.articles)].
2020-04-17 22:01:34.672 [http-nio-8080-exec-10] WARN  org.hibernate.orm.deprecation - HHH90000016: Found use of deprecated 'collection property' syntax in HQL/JPQL query [t.articles.size]; use collection function syntax instead [size(t.articles)].
2020-04-17 22:07:40.806 [main] WARN  o.s.b.a.o.j.JpaBaseConfiguration$JpaWebConfiguration$JpaWebMvcConfiguration - spring.jpa.open-in-view is enabled by default. Therefore, database queries may be performed during view rendering. Explicitly configure spring.jpa.open-in-view to disable this warning
2020-04-17 22:07:53.051 [http-nio-8080-exec-10] WARN  org.hibernate.orm.deprecation - HHH90000016: Found use of deprecated 'collection property' syntax in HQL/JPQL query [t.articles.size]; use collection function syntax instead [size(t.articles)].
2020-04-17 22:07:53.062 [http-nio-8080-exec-10] WARN  org.hibernate.orm.deprecation - HHH90000016: Found use of deprecated 'collection property' syntax in HQL/JPQL query [t.articles.size]; use collection function syntax instead [size(t.articles)].
2020-04-17 22:12:43.203 [main] WARN  o.s.b.a.o.j.JpaBaseConfiguration$JpaWebConfiguration$JpaWebMvcConfiguration - spring.jpa.open-in-view is enabled by default. Therefore, database queries may be performed during view rendering. Explicitly configure spring.jpa.open-in-view to disable this warning
2020-04-17 22:13:03.170 [main] WARN  o.s.b.a.o.j.JpaBaseConfiguration$JpaWebConfiguration$JpaWebMvcConfiguration - spring.jpa.open-in-view is enabled by default. Therefore, database queries may be performed during view rendering. Explicitly configure spring.jpa.open-in-view to disable this warning
2020-04-17 22:13:12.075 [http-nio-8080-exec-10] WARN  org.hibernate.orm.deprecation - HHH90000016: Found use of deprecated 'collection property' syntax in HQL/JPQL query [t.articles.size]; use collection function syntax instead [size(t.articles)].
2020-04-17 22:13:12.087 [http-nio-8080-exec-10] WARN  org.hibernate.orm.deprecation - HHH90000016: Found use of deprecated 'collection property' syntax in HQL/JPQL query [t.articles.size]; use collection function syntax instead [size(t.articles)].
2020-04-17 22:15:21.423 [main] WARN  o.s.b.a.o.j.JpaBaseConfiguration$JpaWebConfiguration$JpaWebMvcConfiguration - spring.jpa.open-in-view is enabled by default. Therefore, database queries may be performed during view rendering. Explicitly configure spring.jpa.open-in-view to disable this warning
2020-04-17 22:15:37.057 [http-nio-8080-exec-10] WARN  org.hibernate.orm.deprecation - HHH90000016: Found use of deprecated 'collection property' syntax in HQL/JPQL query [t.articles.size]; use collection function syntax instead [size(t.articles)].
2020-04-17 22:15:37.068 [http-nio-8080-exec-10] WARN  org.hibernate.orm.deprecation - HHH90000016: Found use of deprecated 'collection property' syntax in HQL/JPQL query [t.articles.size]; use collection function syntax instead [size(t.articles)].
2020-04-17 22:15:48.790 [http-nio-8080-exec-9] WARN  org.springframework.validation.DataBinder - Skipping URI variable 'id' because request contains bind value with same name.
2020-04-17 22:23:25.078 [HikariPool-1 housekeeper] WARN  com.zaxxer.hikari.pool.HikariPool - HikariPool-1 - Thread starvation or clock leap detected (housekeeper delta=5m5s524ms).
2020-04-17 22:31:37.731 [HikariPool-1 housekeeper] WARN  com.zaxxer.hikari.pool.HikariPool - HikariPool-1 - Thread starvation or clock leap detected (housekeeper delta=5m11s786ms).
2020-04-17 22:37:34.540 [HikariPool-1 housekeeper] WARN  com.zaxxer.hikari.pool.HikariPool - HikariPool-1 - Thread starvation or clock leap detected (housekeeper delta=5m26s802ms).
2020-04-17 22:43:46.289 [HikariPool-1 housekeeper] WARN  com.zaxxer.hikari.pool.HikariPool - HikariPool-1 - Thread starvation or clock leap detected (housekeeper delta=5m11s730ms).
2020-04-17 22:49:29.795 [HikariPool-1 housekeeper] WARN  com.zaxxer.hikari.pool.HikariPool - HikariPool-1 - Thread starvation or clock leap detected (housekeeper delta=5m13s497ms).
2020-04-17 22:55:11.512 [HikariPool-1 housekeeper] WARN  com.zaxxer.hikari.pool.HikariPool - HikariPool-1 - Thread starvation or clock leap detected (housekeeper delta=5m11s705ms).
2020-04-17 23:00:53.232 [HikariPool-1 housekeeper] WARN  com.zaxxer.hikari.pool.HikariPool - HikariPool-1 - Thread starvation or clock leap detected (housekeeper delta=5m11s712ms).
2020-04-17 23:20:37.148 [HikariPool-1 housekeeper] WARN  com.zaxxer.hikari.pool.HikariPool - HikariPool-1 - Thread starvation or clock leap detected (housekeeper delta=19m13s911ms).
