2020-04-20 13:40:11.195 [Thread-13] INFO  o.s.scheduling.concurrent.ThreadPoolTaskExecutor - Shutting down ExecutorService 'applicationTaskExecutor'
2020-04-20 13:40:11.199 [Thread-13] INFO  o.s.orm.jpa.LocalContainerEntityManagerFactoryBean - Closing JPA EntityManagerFactory for persistence unit 'default'
2020-04-20 13:40:11.205 [Thread-13] INFO  com.zaxxer.hikari.HikariDataSource - HikariPool-1 - Shutdown initiated...
2020-04-20 13:40:11.207 [Thread-13] INFO  com.zaxxer.hikari.HikariDataSource - HikariPool-1 - Shutdown completed.
2020-04-20 22:03:24.009 [main] INFO  com.nedlee.finance.FinanceApplication - Starting FinanceApplication on promote.cache-dns.local with PID 912 (/Users/nedlee/Documents/finance/target/classes started by nedlee in /Users/nedlee/Documents/finance)
2020-04-20 22:03:24.012 [main] INFO  com.nedlee.finance.FinanceApplication - The following profiles are active: dev
2020-04-20 22:03:24.581 [main] INFO  o.s.d.r.config.RepositoryConfigurationDelegate - Multiple Spring Data modules found, entering strict repository configuration mode!
2020-04-20 22:03:24.584 [main] INFO  o.s.d.r.config.RepositoryConfigurationDelegate - Bootstrapping Spring Data repositories in DEFAULT mode.
2020-04-20 22:03:24.632 [main] INFO  o.s.d.r.c.RepositoryConfigurationExtensionSupport - Spring Data Elasticsearch - Could not safely identify store assignment for repository candidate interface com.nedlee.finance.dao.ArticleRepository.
2020-04-20 22:03:24.633 [main] INFO  o.s.d.r.c.RepositoryConfigurationExtensionSupport - Spring Data Elasticsearch - Could not safely identify store assignment for repository candidate interface com.nedlee.finance.dao.CommentRepository.
2020-04-20 22:03:24.634 [main] INFO  o.s.d.r.c.RepositoryConfigurationExtensionSupport - Spring Data Elasticsearch - Could not safely identify store assignment for repository candidate interface com.nedlee.finance.dao.CustomerRepository.
2020-04-20 22:03:24.636 [main] INFO  o.s.d.r.c.RepositoryConfigurationExtensionSupport - Spring Data Elasticsearch - Could not safely identify store assignment for repository candidate interface com.nedlee.finance.dao.ProductRepository.
2020-04-20 22:03:24.637 [main] INFO  o.s.d.r.c.RepositoryConfigurationExtensionSupport - Spring Data Elasticsearch - Could not safely identify store assignment for repository candidate interface com.nedlee.finance.dao.TagRepository.
2020-04-20 22:03:24.638 [main] INFO  o.s.d.r.c.RepositoryConfigurationExtensionSupport - Spring Data Elasticsearch - Could not safely identify store assignment for repository candidate interface com.nedlee.finance.dao.TypeRepository.
2020-04-20 22:03:24.639 [main] INFO  o.s.d.r.c.RepositoryConfigurationExtensionSupport - Spring Data Elasticsearch - Could not safely identify store assignment for repository candidate interface com.nedlee.finance.dao.UserRepository.
2020-04-20 22:03:24.640 [main] INFO  o.s.d.r.config.RepositoryConfigurationDelegate - Finished Spring Data repository scanning in 49ms. Found 0 repository interfaces.
2020-04-20 22:03:24.653 [main] INFO  o.s.d.r.config.RepositoryConfigurationDelegate - Multiple Spring Data modules found, entering strict repository configuration mode!
2020-04-20 22:03:24.653 [main] INFO  o.s.d.r.config.RepositoryConfigurationDelegate - Bootstrapping Spring Data repositories in DEFAULT mode.
2020-04-20 22:03:24.697 [main] INFO  o.s.d.r.config.RepositoryConfigurationDelegate - Finished Spring Data repository scanning in 40ms. Found 7 repository interfaces.
2020-04-20 22:03:24.708 [main] INFO  o.s.d.r.config.RepositoryConfigurationDelegate - Multiple Spring Data modules found, entering strict repository configuration mode!
2020-04-20 22:03:24.709 [main] INFO  o.s.d.r.config.RepositoryConfigurationDelegate - Bootstrapping Spring Data repositories in DEFAULT mode.
2020-04-20 22:03:24.721 [main] INFO  o.s.d.r.c.RepositoryConfigurationExtensionSupport - Spring Data Redis - Could not safely identify store assignment for repository candidate interface com.nedlee.finance.dao.ArticleRepository.
2020-04-20 22:03:24.722 [main] INFO  o.s.d.r.c.RepositoryConfigurationExtensionSupport - Spring Data Redis - Could not safely identify store assignment for repository candidate interface com.nedlee.finance.dao.CommentRepository.
2020-04-20 22:03:24.722 [main] INFO  o.s.d.r.c.RepositoryConfigurationExtensionSupport - Spring Data Redis - Could not safely identify store assignment for repository candidate interface com.nedlee.finance.dao.CustomerRepository.
2020-04-20 22:03:24.723 [main] INFO  o.s.d.r.c.RepositoryConfigurationExtensionSupport - Spring Data Redis - Could not safely identify store assignment for repository candidate interface com.nedlee.finance.dao.ProductRepository.
2020-04-20 22:03:24.723 [main] INFO  o.s.d.r.c.RepositoryConfigurationExtensionSupport - Spring Data Redis - Could not safely identify store assignment for repository candidate interface com.nedlee.finance.dao.TagRepository.
2020-04-20 22:03:24.723 [main] INFO  o.s.d.r.c.RepositoryConfigurationExtensionSupport - Spring Data Redis - Could not safely identify store assignment for repository candidate interface com.nedlee.finance.dao.TypeRepository.
2020-04-20 22:03:24.723 [main] INFO  o.s.d.r.c.RepositoryConfigurationExtensionSupport - Spring Data Redis - Could not safely identify store assignment for repository candidate interface com.nedlee.finance.dao.UserRepository.
2020-04-20 22:03:24.723 [main] INFO  o.s.d.r.config.RepositoryConfigurationDelegate - Finished Spring Data repository scanning in 6ms. Found 0 repository interfaces.
2020-04-20 22:03:25.032 [main] INFO  o.s.c.s.PostProcessorRegistrationDelegate$BeanPostProcessorChecker - Bean 'org.springframework.transaction.annotation.ProxyTransactionManagementConfiguration' of type [org.springframework.transaction.annotation.ProxyTransactionManagementConfiguration$$EnhancerBySpringCGLIB$$e93d1dd0] is not eligible for getting processed by all BeanPostProcessors (for example: not eligible for auto-proxying)
2020-04-20 22:03:25.416 [main] INFO  o.s.boot.web.embedded.tomcat.TomcatWebServer - Tomcat initialized with port(s): 8080 (http)
2020-04-20 22:03:25.430 [main] INFO  org.apache.coyote.http11.Http11NioProtocol - Initializing ProtocolHandler ["http-nio-8080"]
2020-04-20 22:03:25.437 [main] INFO  org.apache.catalina.core.StandardService - Starting service [Tomcat]
2020-04-20 22:03:25.437 [main] INFO  org.apache.catalina.core.StandardEngine - Starting Servlet engine: [Apache Tomcat/9.0.22]
2020-04-20 22:03:25.529 [main] INFO  o.a.c.core.ContainerBase.[Tomcat].[localhost].[/] - Initializing Spring embedded WebApplicationContext
2020-04-20 22:03:25.529 [main] INFO  org.springframework.web.context.ContextLoader - Root WebApplicationContext: initialization completed in 1487 ms
2020-04-20 22:03:25.722 [main] INFO  com.zaxxer.hikari.HikariDataSource - HikariPool-1 - Starting...
2020-04-20 22:03:25.852 [main] INFO  com.zaxxer.hikari.HikariDataSource - HikariPool-1 - Start completed.
2020-04-20 22:03:25.911 [main] INFO  org.hibernate.jpa.internal.util.LogHelper - HHH000204: Processing PersistenceUnitInfo [name: default]
2020-04-20 22:03:26.018 [main] INFO  org.hibernate.Version - HHH000412: Hibernate Core {5.4.2.Final}
2020-04-20 22:03:26.194 [main] INFO  org.hibernate.annotations.common.Version - HCANN000001: Hibernate Commons Annotations {5.1.0.Final}
2020-04-20 22:03:26.365 [main] INFO  org.hibernate.dialect.Dialect - HHH000400: Using dialect: org.hibernate.dialect.MySQL5Dialect
2020-04-20 22:03:27.240 [main] INFO  o.h.e.t.jta.platform.internal.JtaPlatformInitiator - HHH000490: Using JtaPlatform implementation: [org.hibernate.engine.transaction.jta.platform.internal.NoJtaPlatform]
2020-04-20 22:03:27.243 [main] INFO  o.s.orm.jpa.LocalContainerEntityManagerFactoryBean - Initialized JPA EntityManagerFactory for persistence unit 'default'
2020-04-20 22:03:28.410 [main] INFO  o.s.scheduling.concurrent.ThreadPoolTaskExecutor - Initializing ExecutorService 'applicationTaskExecutor'
2020-04-20 22:03:28.503 [main] INFO  o.s.b.a.web.servlet.WelcomePageHandlerMapping - Adding welcome page template: index
2020-04-20 22:03:29.120 [main] INFO  org.apache.coyote.http11.Http11NioProtocol - Starting ProtocolHandler ["http-nio-8080"]
2020-04-20 22:03:29.149 [main] INFO  o.s.boot.web.embedded.tomcat.TomcatWebServer - Tomcat started on port(s): 8080 (http) with context path ''
2020-04-20 22:03:29.151 [main] INFO  com.nedlee.finance.FinanceApplication - Started FinanceApplication in 25.594 seconds (JVM running for 31.186)
2020-04-20 22:03:37.545 [http-nio-8080-exec-1] INFO  o.a.c.core.ContainerBase.[Tomcat].[localhost].[/] - Initializing Spring DispatcherServlet 'dispatcherServlet'
2020-04-20 22:03:37.546 [http-nio-8080-exec-1] INFO  org.springframework.web.servlet.DispatcherServlet - Initializing Servlet 'dispatcherServlet'
2020-04-20 22:03:37.561 [http-nio-8080-exec-1] INFO  org.springframework.web.servlet.DispatcherServlet - Completed initialization in 15 ms
2020-04-20 22:03:37.595 [http-nio-8080-exec-1] INFO  com.nedlee.finance.aspect.LogAspect - Request : {url='http://localhost:8080/', ip='0:0:0:0:0:0:0:1', classMethod='com.nedlee.finance.web.IndexController.index', args=[Page request [number: 0, size 8, sort: updateTime: DESC], {}]}
2020-04-20 22:03:37.730 [http-nio-8080-exec-1] INFO  com.nedlee.finance.aspect.LogAspect - Result : index
2020-04-20 22:05:27.428 [Thread-53] INFO  o.s.scheduling.concurrent.ThreadPoolTaskExecutor - Shutting down ExecutorService 'applicationTaskExecutor'
2020-04-20 22:05:27.429 [Thread-53] INFO  o.s.orm.jpa.LocalContainerEntityManagerFactoryBean - Closing JPA EntityManagerFactory for persistence unit 'default'
2020-04-20 22:05:27.431 [Thread-53] INFO  com.zaxxer.hikari.HikariDataSource - HikariPool-1 - Shutdown initiated...
2020-04-20 22:05:27.435 [Thread-53] INFO  com.zaxxer.hikari.HikariDataSource - HikariPool-1 - Shutdown completed.
